Build started 6/23/2015 5:27:06 PM.
     1>Project "C:\Users\emehiel.CALPOLY\Documents\Visual Studio 2010\Projects\Code Base\Horizon_v2_3\Horizon.vcxproj" on node 2 (build target(s)).
     1>InitializeBuildStatus:
         Creating "Builds/Release/BuildObjects\Horizon.unsuccessfulbuild" because "AlwaysCreate" was specified.
       ClCompile:
         All outputs are up-to-date.
         All outputs are up-to-date.
         All outputs are up-to-date.
         All outputs are up-to-date.
         All outputs are up-to-date.
         All outputs are up-to-date.
         All outputs are up-to-date.
         All outputs are up-to-date.
         All outputs are up-to-date.
       Link:
         All outputs are up-to-date.
         Horizon.vcxproj -> C:\Users\emehiel.CALPOLY\Documents\Visual Studio 2010\Projects\Code Base\Horizon_v2_3\Builds/Release\Horizon.exe
       FinalizeBuildStatus:
         Deleting file "Builds/Release/BuildObjects\Horizon.unsuccessfulbuild".
         Touching "Builds/Release/BuildObjects\Horizon.lastbuildstate".
     1>Done Building Project "C:\Users\emehiel.CALPOLY\Documents\Visual Studio 2010\Projects\Code Base\Horizon_v2_3\Horizon.vcxproj" (build target(s)).

Build succeeded.

Time Elapsed 00:00:00.29
